<?xml version="1.0" encoding="UTF-8"?>
<!-- Generated by org.testng.reporters.JUnitXMLReporter -->
<testsuite ignored="0" hostname="DESKTOP-UDUJB2T" failures="0" tests="8" name="AT21_MAVEN_PROJECT" time="42.327" errors="0" timestamp="2023-12-01T23:52:08 ICT">
  <testcase classname="test.TC_AddCustomer" name="addCustomerTest" time="4.07"/>
  <testcase classname="test.TC_AddCustomer" name="addCustomerTest" time="4.038"/>
  <testcase classname="test.TC_AddCustomer" name="addCustomerTest" time="4.053"/>
  <testcase classname="test.TC_AddCustomer" name="addCustomerTest" time="4.092"/>
  <testcase classname="test.TC_AddCustomer" name="addCustomerTest" time="4.069"/>
  <testcase classname="test.TC_AddCustomer" name="addCustomerTest" time="4.079"/>
  <testcase classname="test.TC_AddCustomer" name="addCustomerTest" time="4.091"/>
  <testcase classname="test.TC_AddCustomer" name="addCustomerTest" time="4.051"/>
</testsuite> <!-- AT21_MAVEN_PROJECT -->
